[tamirs2702.wixsite.com/mysite-10.html]
[static.parastorage.com/unpkg/core-js-bundle@3.2.1/minified.js]
[static.parastorage.com/unpkg/focus-within-polyfill@5.0.9/dist/focus-within-polyfill.js]
[backblue.gif]
[fade.gif]
[index.html]
[polyfill.io/v3/polyfill.mind82c.js]
[tamirs2702.wixsite.com/mysite-10/_api/v2/dynamicmodel.json]
[static.parastorage.com/services/chat-worker/1.380.0/viewer-script.bundle.min.js]
[static.parastorage.com/services/santa-resources/resources/viewer/editorUI/fonts.v10.png]
[static.parastorage.com/services/wix-thunderbolt/dist/clientWorker.1fad34cf.bundle.min.js]
[static.parastorage.com/services/wix-form-builder/1.3298.0/viewer-app.bundle.min.js]
[static.parastorage.com/services/wix-form-builder/1.3298.0/editor-app.bundle.min.js]
[static.parastorage.com/services/editor-elements/dist/componentSdks.da3252ad.bundle.min.js]
[static.parastorage.com/services/editor-elements/1.1879.0/componentSSRSdks.bundle.js]
[tamirs2702.wixsite.com/mysite-10/robots.txt]
[tamirs2702.wixsite.com/mysite-10/sitemap.xml]
[tamirs2702.wixsite.com/mysite-10/feed.xml]
[tamirs2702.wixsite.com/mysite-10/decodeURIComponent(e]
[static.parastorage.com/services/wix-thunderbolt/dist/bootstrap-features.df07e913.chunk.min.js]
[static.parastorage.com/services/wix-thunderbolt/dist/main.001eb83e.chunk.min.js]
[static.parastorage.com/unpkg/lodash@4.17.15/lodash.min.js]
[static.parastorage.com/services/wix-thunderbolt/dist/wix-code-sdk-providers.b3b29bae.chunk.min.js]
[static.parastorage.com/services/wix-thunderbolt/dist/siteMembers.f1f5c9eb.chunk.min.js]
[tamirs2702.wixsite.com/mysite-10/$&/index.html]
[static.parastorage.com/services/wix-thunderbolt/dist/siteScrollBlocker.66291282.chunk.min.js]
[static.parastorage.com/services/wix-thunderbolt/dist/tpaCommons.4f705c9f.chunk.min.js]
[static.parastorage.com/services/wix-thunderbolt/dist/windowMessageRegistrar.f1d91f59.chunk.min.js]
[static.parastorage.com/services/wix-thunderbolt/dist/platform.4bef99d6.chunk.min.js]
[static.parastorage.com/services/wix-thunderbolt/dist/vendors_vendor-react-dom.c165abf9.chunk.min.js]
[static.parastorage.com/services/wix-thunderbolt/dist/vendor-react-dom.85ad27ea.chunk.min.js]
[tamirs2702.wixsite.com/_partials/index.html]
[browser.sentry-cdn.com/5.5.0/bundle.min.js]
[static.parastorage.com/services/tag-manager-client/1.126.0/siteTags.bundle.min.js]
[static.parastorage.com/services/editor-elements/dist/thunderboltElements.1fb0abf9.bundle.min.js]
[tamirs2702.wixsite.com/index.html]
[static.parastorage.com/services/wix-perf-measure/1.194.0/wix-perf-measure.bundle.min.js]
[static.parastorage.com/services/wix-thunderbolt/dist/animations-features.0c6cf610.chunk.min.js]
[static.parastorage.com/services/wix-thunderbolt/dist/activePopup.fbf5e90b.chunk.min.js]
[static.parastorage.com/services/wix-thunderbolt/dist/dropdownMenu.41134ee0.chunk.min.js]
[static.parastorage.com/services/wix-thunderbolt/dist/imageZoom.9bebd378.chunk.min.js]
[static.parastorage.com/services/wix-thunderbolt/dist/navigation.f1410307.chunk.min.js]
[static.parastorage.com/services/wix-thunderbolt/dist/pageScroll.1404b949.chunk.min.js]
[static.parastorage.com/services/wix-thunderbolt/dist/platformPubsub.68f0e316.chunk.min.js]
[static.parastorage.com/services/wix-thunderbolt/dist/scrollRestoration.7f490192.chunk.min.js]
[static.parastorage.com/services/wix-thunderbolt/dist/scrollToAnchor.fd5b0302.chunk.min.js]
[static.parastorage.com/services/wix-thunderbolt/dist/vendors_tpa.4cb8791f.chunk.min.js]
[static.parastorage.com/services/wix-thunderbolt/dist/tpa.855badd8.chunk.min.js]
[static.parastorage.com/services/wix-thunderbolt/dist/windowScroll.512c8225.chunk.min.js]
[static.parastorage.com/services/wix-thunderbolt/dist/pageAnchors.9bdca3f1.chunk.min.js]
[static.parastorage.com/services/editor-elements/dist/bootstrap-components.81ef3be3.chunk.min.js]
[static.parastorage.com/services/editor-elements/dist/FiveGridLine.98307457.chunk.min.js]
[static.parastorage.com/services/editor-elements/dist/AppWidget.8dc0f814.chunk.min.js]
[static.parastorage.com/services/editor-elements/dist/ImageButton.130fcba5.chunk.min.js]
[static.parastorage.com/services/editor-elements/dist/DropDownMenu_TextOnlyMenuButtonSkin.d7d4e7c6.chunk.min.js]
[static.parastorage.com/services/editor-elements/dist/FormContainerSkin.d2eaefa2.chunk.min.js]
[static.parastorage.com/services/editor-elements/dist/common-site-members-dialogs.58795ea0.chunk.min.js]
[static.parastorage.com/services/editor-elements/dist/TextInput.f75a7bdc.chunk.min.js]
[static.parastorage.com/services/editor-elements/dist/TextAreaInput.fcb4113d.chunk.min.js]
[static.parastorage.com/services/editor-elements/dist/PinnedLayer.b0562dd2.chunk.min.js]
[static.parastorage.com/services/editor-elements/dist/FreemiumBannerDesktop.ef96d1e3.chunk.min.js]
[static.parastorage.com/services/wix-thunderbolt/dist/tpa-components.cb04f42f.chunk.min.js]
[tamirs2702.wixsite.com/mysite-10.html]
[tamirs2702.wixsite.com/mysite-10/robots.html]
[tamirs2702.wixsite.com/mysite-10/feed.html]
[tamirs2702.wixsite.com/mysite-10/decodeURIComponent(e.html]
[tamirs2702.wixsite.com/mysite-10/$&/index.html]
[tamirs2702.wixsite.com/_partials/index.html]
[tamirs2702.wixsite.com/index.html]
[tamirs2702.wixsite.com/mysite-10/index.html]
[tamirs2702.wixsite.com/mysite-10/index.html]
[tamirs2702.wixsite.com/mysite-10/;-$Path=/;-XSRF-TOKEN=1598044738_chSaBHZqKpDR;-$Path=/;-SameSite=None;-$Path=/;-hs=2132017294;-$Path=]
[tamirs2702.wixsite.com/mysite-10/; $Path=/; XSRF-TOKEN=1598044738_chSaBHZqKpDR; $Path=/; SameSite=None; $Path=/; hs=2132017294; $Path=/index.html]
[tamirs2702.wixsite.com/mysite-10/;-$Path=/;-XSRF-TOKEN=1598044738_chSaBHZqKpDR;-$Path=/;-SameSite=None;-$Path=/;-hs=2132017294;-$Path=.html]
